Determining if the pthread_create exist failed with the following output:
Change Dir: /home/cs18/Desktop/homework/hw8/build/CMakeFiles/CMakeTmp

Run Build Command:"/usr/bin/make" "cmTC_6c89a/fast"
/usr/bin/make -f CMakeFiles/cmTC_6c89a.dir/build.make CMakeFiles/cmTC_6c89a.dir/build
make[1]: Entering directory '/home/cs18/Desktop/homework/hw8/build/CMakeFiles/CMakeTmp'
Building C object CMakeFiles/cmTC_6c89a.dir/CheckSymbolExists.c.o
/usr/bin/cc    -o CMakeFiles/cmTC_6c89a.dir/CheckSymbolExists.c.o   -c /home/cs18/Desktop/homework/hw8/build/CMakeFiles/CMakeTmp/CheckSymbolExists.c
Linking C executable cmTC_6c89a
/usr/bin/cmake -E cmake_link_script CMakeFiles/cmTC_6c89a.dir/link.txt --verbose=1
/usr/bin/cc      -rdynamic CMakeFiles/cmTC_6c89a.dir/CheckSymbolExists.c.o  -o cmTC_6c89a 
CMakeFiles/cmTC_6c89a.dir/CheckSymbolExists.c.o: In function `main':
CheckSymbolExists.c:(.text+0x1b): undefined reference to `pthread_create'
collect2: error: ld returned 1 exit status
CMakeFiles/cmTC_6c89a.dir/build.make:97: recipe for target 'cmTC_6c89a' failed
make[1]: *** [cmTC_6c89a] Error 1
make[1]: Leaving directory '/home/cs18/Desktop/homework/hw8/build/CMakeFiles/CMakeTmp'
Makefile:126: recipe for target 'cmTC_6c89a/fast' failed
make: *** [cmTC_6c89a/fast] Error 2

File /home/cs18/Desktop/homework/hw8/build/CMakeFiles/CMakeTmp/CheckSymbolExists.c:
/* */
#include <pthread.h>

int main(int argc, char** argv)
{
  (void)argv;
#ifndef pthread_create
  return ((int*)(&pthread_create))[argc];
#else
  (void)argc;
  return 0;
#endif
}

Determining if the function pthread_create exists in the pthreads failed with the following output:
Change Dir: /home/cs18/Desktop/homework/hw8/build/CMakeFiles/CMakeTmp

Run Build Command:"/usr/bin/make" "cmTC_fc787/fast"
/usr/bin/make -f CMakeFiles/cmTC_fc787.dir/build.make CMakeFiles/cmTC_fc787.dir/build
make[1]: Entering directory '/home/cs18/Desktop/homework/hw8/build/CMakeFiles/CMakeTmp'
Building C object CMakeFiles/cmTC_fc787.dir/CheckFunctionExists.c.o
/usr/bin/cc   -DCHECK_FUNCTION_EXISTS=pthread_create   -o CMakeFiles/cmTC_fc787.dir/CheckFunctionExists.c.o   -c /usr/share/cmake-3.10/Modules/CheckFunctionExists.c
Linking C executable cmTC_fc787
/usr/bin/cmake -E cmake_link_script CMakeFiles/cmTC_fc787.dir/link.txt --verbose=1
/usr/bin/cc  -DCHECK_FUNCTION_EXISTS=pthread_create    -rdynamic CMakeFiles/cmTC_fc787.dir/CheckFunctionExists.c.o  -o cmTC_fc787 -lpthreads 
/usr/bin/ld: cannot find -lpthreads
collect2: error: ld returned 1 exit status
CMakeFiles/cmTC_fc787.dir/build.make:97: recipe for target 'cmTC_fc787' failed
make[1]: *** [cmTC_fc787] Error 1
make[1]: Leaving directory '/home/cs18/Desktop/homework/hw8/build/CMakeFiles/CMakeTmp'
Makefile:126: recipe for target 'cmTC_fc787/fast' failed
make: *** [cmTC_fc787/fast] Error 2


Determining if the function glXGetProcAddressEXT exists failed with the following output:
Change Dir: /home/cs18/Desktop/homework/hw8/build/CMakeFiles/CMakeTmp

Run Build Command:"/usr/bin/make" "cmTC_99da9/fast"
/usr/bin/make -f CMakeFiles/cmTC_99da9.dir/build.make CMakeFiles/cmTC_99da9.dir/build
make[1]: Entering directory '/home/cs18/Desktop/homework/hw8/build/CMakeFiles/CMakeTmp'
Building C object CMakeFiles/cmTC_99da9.dir/CheckFunctionExists.c.o
/usr/bin/cc   -DCHECK_FUNCTION_EXISTS=glXGetProcAddressEXT   -o CMakeFiles/cmTC_99da9.dir/CheckFunctionExists.c.o   -c /usr/share/cmake-3.10/Modules/CheckFunctionExists.c
Linking C executable cmTC_99da9
/usr/bin/cmake -E cmake_link_script CMakeFiles/cmTC_99da9.dir/link.txt --verbose=1
/usr/bin/cc  -DCHECK_FUNCTION_EXISTS=glXGetProcAddressEXT    -rdynamic CMakeFiles/cmTC_99da9.dir/CheckFunctionExists.c.o  -o cmTC_99da9 /usr/lib/x86_64-linux-gnu/libGL.so 
CMakeFiles/cmTC_99da9.dir/CheckFunctionExists.c.o: In function `main':
CheckFunctionExists.c:(.text+0x10): undefined reference to `glXGetProcAddressEXT'
collect2: error: ld returned 1 exit status
CMakeFiles/cmTC_99da9.dir/build.make:98: recipe for target 'cmTC_99da9' failed
make[1]: *** [cmTC_99da9] Error 1
make[1]: Leaving directory '/home/cs18/Desktop/homework/hw8/build/CMakeFiles/CMakeTmp'
Makefile:126: recipe for target 'cmTC_99da9/fast' failed
make: *** [cmTC_99da9/fast] Error 2


